		PHP Notice:  Undefined offset: 0 in /home/twosell/data/admin.twosell.se/public_html/script/stat_daily_v3.php on line 119
PHP Notice:  Undefined index: store in /home/twosell/data/admin.twosell.se/public_html/script/stat_daily_v3.php on line 244
PHP Notice:  Undefined index: seller_id in /home/twosell/data/admin.twosell.se/public_html/script/stat_daily_v3.php on line 245
PHP Notice:  Undefined index: store in /home/twosell/data/admin.twosell.se/public_html/script/stat_daily_v3.php on line 244
PHP Notice:  Undefined index: seller_id in /home/twosell/data/admin.twosell.se/public_html/script/stat_daily_v3.php on line 245
PHP Notice:  Undefined index: store in /home/twosell/data/admin.twosell.se/public_html/script/stat_daily_v3.php on line 244
PHP Notice:  Undefined index: seller_id in /home/twosell/data/admin.twosell.se/public_html/script/stat_daily_v3.php on line 245
PHP Notice:  Undefined index: store in /home/twosell/data/admin.twosell.se/public_html/script/stat_daily_v3.php on line 244
PHP Notice:  Undefined index: seller_id in /home/twosell/data/admin.twosell.se/public_html/script/stat_daily_v3.php on line 245
PHP Notice:  Undefined index: store in /home/twosell/data/admin.twosell.se/public_html/script/stat_daily_v3.php on line 244
PHP Notice:  Undefined index: seller_id in /home/twosell/data/admin.twosell.se/public_html/script/stat_daily_v3.php on line 245
PHP Notice:  Undefined index: store in /home/twosell/data/admin.twosell.se/public_html/script/stat_daily_v3.php on line 244
PHP Notice:  Undefined index: seller_id in /home/twosell/data/admin.twosell.se/public_html/script/stat_daily_v3.php on line 245
PHP Notice:  Undefined index: store in /home/twosell/data/admin.twosell.se/public_html/script/stat_daily_v3.php on line 244
PHP Notice:  Undefined index: seller_id in /home/twosell/data/admin.twosell.se/public_html/script/stat_daily_v3.php on line 245
PHP Notice:  Undefined index: store in /home/twosell/data/admin.twosell.se/public_html/script/stat_daily_v3.php on line 244
PHP Notice:  Undefined index: seller_id in /home/twosell/data/admin.twosell.se/public_html/script/stat_daily_v3.php on line 245
PHP Notice:  Undefined index: store in /home/twosell/data/admin.twosell.se/public_html/script/stat_daily_v3.php on line 244
PHP Notice:  Undefined index: seller_id in /home/twosell/data/admin.twosell.se/public_html/script/stat_daily_v3.php on line 245
PHP Notice:  Undefined index: store in /home/twosell/data/admin.twosell.se/public_html/script/stat_daily_v3.php on line 244
PHP Notice:  Undefined index: seller_id in /home/twosell/data/admin.twosell.se/public_html/script/stat_daily_v3.php on line 245
PHP Notice:  Undefined index: store in /home/twosell/data/admin.twosell.se/public_html/script/stat_daily_v3.php on line 244
PHP Notice:  Undefined index: seller_id in /home/twosell/data/admin.twosell.se/public_html/script/stat_daily_v3.php on line 245
PHP Notice:  Undefined index: store in /home/twosell/data/admin.twosell.se/public_html/script/stat_daily_v3.php on line 244
PHP Notice:  Undefined index: seller_id in /home/twosell/data/admin.twosell.se/public_html/script/stat_daily_v3.php on line 245
PHP Notice:  Undefined index: store in /home/twosell/data/admin.twosell.se/public_html/script/stat_daily_v3.php on line 244
PHP Notice:  Undefined index: seller_id in /home/twosell/data/admin.twosell.se/public_html/script/stat_daily_v3.php on line 245
PHP Notice:  Undefined index: store in /home/twosell/data/admin.twosell.se/public_html/script/stat_daily_v3.php on line 244
PHP Notice:  Undefined index: seller_id in /home/twosell/data/admin.twosell.se/public_html/script/stat_daily_v3.php on line 245
PHP Notice:  Undefined index: store in /home/twosell/data/admin.twosell.se/public_html/script/stat_daily_v3.php on line 244
PHP Notice:  Undefined index: seller_id in /home/twosell/data/admin.twosell.se/public_html/script/stat_daily_v3.php on line 245
PHP Notice:  Undefined index: store in /home/twosell/data/admin.twosell.se/public_html/script/stat_daily_v3.php on line 244
PHP Notice:  Undefined index: seller_id in /home/twosell/data/admin.twosell.se/public_html/script/stat_daily_v3.php on line 245
PHP Notice:  Undefined index: store in /home/twosell/data/admin.twosell.se/public_html/script/stat_daily_v3.php on line 244
PHP Notice:  Undefined index: seller_id in /home/twosell/data/admin.twosell.se/public_html/script/stat_daily_v3.php on line 245
PHP Notice:  Undefined index: store in /home/twosell/data/admin.twosell.se/public_html/script/stat_daily_v3.php on line 244
PHP Notice:  Undefined index: seller_id in /home/twosell/data/admin.twosell.se/public_html/script/stat_daily_v3.php on line 245
PHP Notice:  Undefined index: store in /home/twosell/data/admin.twosell.se/public_html/script/stat_daily_v3.php on line 244
PHP Notice:  Undefined index: seller_id in /home/twosell/data/admin.twosell.se/public_html/script/stat_daily_v3.php on line 245
PHP Notice:  Undefined index: store in /home/twosell/data/admin.twosell.se/public_html/script/stat_daily_v3.php on line 244
PHP Notice:  Undefined index: seller_id in /home/twosell/data/admin.twosell.se/public_html/script/stat_daily_v3.php on line 245
PHP Notice:  Undefined index: store in /home/twosell/data/admin.twosell.se/public_html/script/stat_daily_v3.php on line 244
PHP Notice:  Undefined index: seller_id in /home/twosell/data/admin.twosell.se/public_html/script/stat_daily_v3.php on line 245
PHP Notice:  Undefined index: store in /home/twosell/data/admin.twosell.se/public_html/script/stat_daily_v3.php on line 244
PHP Notice:  Undefined index: seller_id in /home/twosell/data/admin.twosell.se/public_html/script/stat_daily_v3.php on line 245
PHP Notice:  Undefined index: store in /home/twosell/data/admin.twosell.se/public_html/script/stat_daily_v3.php on line 244
PHP Notice:  Undefined index: seller_id in /home/twosell/data/admin.twosell.se/public_html/script/stat_daily_v3.php on line 245
PHP Notice:  Undefined index: store in /home/twosell/data/admin.twosell.se/public_html/script/stat_daily_v3.php on line 244
PHP Notice:  Undefined index: seller_id in /home/twosell/data/admin.twosell.se/public_html/script/stat_daily_v3.php on line 245
PHP Notice:  Undefined index: store in /home/twosell/data/admin.twosell.se/public_html/script/stat_daily_v3.php on line 244
PHP Notice:  Undefined index: seller_id in /home/twosell/data/admin.twosell.se/public_html/script/stat_daily_v3.php on line 245
PHP Notice:  Undefined index: store in /home/twosell/data/admin.twosell.se/public_html/script/stat_daily_v3.php on line 244
PHP Notice:  Undefined index: seller_id in /home/twosell/data/admin.twosell.se/public_html/script/stat_daily_v3.php on line 245
PHP Notice:  Undefined index: store in /home/twosell/data/admin.twosell.se/public_html/script/stat_daily_v3.php on line 244
PHP Notice:  Undefined index: seller_id in /home/twosell/data/admin.twosell.se/public_html/script/stat_daily_v3.php on line 245
PHP Notice:  Undefined index: store in /home/twosell/data/admin.twosell.se/public_html/script/stat_daily_v3.php on line 244
PHP Notice:  Undefined index: seller_id in /home/twosell/data/admin.twosell.se/public_html/script/stat_daily_v3.php on line 245
PHP Notice:  Undefined index: store in /home/twosell/data/admin.twosell.se/public_html/script/stat_daily_v3.php on line 244
PHP Notice:  Undefined index: seller_id in /home/twosell/data/admin.twosell.se/public_html/script/stat_daily_v3.php on line 245
PHP Notice:  Undefined index: store in /home/twosell/data/admin.twosell.se/public_html/script/stat_daily_v3.php on line 244
PHP Notice:  Undefined index: seller_id in /home/twosell/data/admin.twosell.se/public_html/script/stat_daily_v3.php on line 245
PHP Notice:  Undefined index: store in /home/twosell/data/admin.twosell.se/public_html/script/stat_daily_v3.php on line 244
PHP Notice:  Undefined index: seller_id in /home/twosell/data/admin.twosell.se/public_html/script/stat_daily_v3.php on line 245
PHP Notice:  Undefined index: store in /home/twosell/data/admin.twosell.se/public_html/script/stat_daily_v3.php on line 244
PHP Notice:  Undefined index: seller_id in /home/twosell/data/admin.twosell.se/public_html/script/stat_daily_v3.php on line 245
PHP Notice:  Undefined index: store in /home/twosell/data/admin.twosell.se/public_html/script/stat_daily_v3.php on line 244
PHP Notice:  Undefined index: seller_id in /home/twosell/data/admin.twosell.se/public_html/script/stat_daily_v3.php on line 245
PHP Notice:  Undefined index: store in /home/twosell/data/admin.twosell.se/public_html/script/stat_daily_v3.php on line 244
PHP Notice:  Undefined index: seller_id in /home/twosell/data/admin.twosell.se/public_html/script/stat_daily_v3.php on line 245
PHP Notice:  Undefined index: store in /home/twosell/data/admin.twosell.se/public_html/script/stat_daily_v3.php on line 244
PHP Notice:  Undefined index: seller_id in /home/twosell/data/admin.twosell.se/public_html/script/stat_daily_v3.php on line 245
PHP Notice:  Undefined index: store in /home/twosell/data/admin.twosell.se/public_html/script/stat_daily_v3.php on line 244
PHP Notice:  Undefined index: seller_id in /home/twosell/data/admin.twosell.se/public_html/script/stat_daily_v3.php on line 245
PHP Notice:  Undefined index: store in /home/twosell/data/admin.twosell.se/public_html/script/stat_daily_v3.php on line 244
PHP Notice:  Undefined index: seller_id in /home/twosell/data/admin.twosell.se/public_html/script/stat_daily_v3.php on line 245
PHP Notice:  Undefined index: store in /home/twosell/data/admin.twosell.se/public_html/script/stat_daily_v3.php on line 244
PHP Notice:  Undefined index: seller_id in /home/twosell/data/admin.twosell.se/public_html/script/stat_daily_v3.php on line 245
PHP Notice:  Undefined index: store in /home/twosell/data/admin.twosell.se/public_html/script/stat_daily_v3.php on line 244
PHP Notice:  Undefined index: seller_id in /home/twosell/data/admin.twosell.se/public_html/script/stat_daily_v3.php on line 245
PHP Notice:  Undefined index: store in /home/twosell/data/admin.twosell.se/public_html/script/stat_daily_v3.php on line 244
PHP Notice:  Undefined index: seller_id in /home/twosell/data/admin.twosell.se/public_html/script/stat_daily_v3.php on line 245
PHP Notice:  Undefined index: store in /home/twosell/data/admin.twosell.se/public_html/script/stat_daily_v3.php on line 244
PHP Notice:  Undefined index: seller_id in /home/twosell/data/admin.twosell.se/public_html/script/stat_daily_v3.php on line 245
PHP Notice:  Undefined index: store in /home/twosell/data/admin.twosell.se/public_html/script/stat_daily_v3.php on line 244
PHP Notice:  Undefined index: seller_id in /home/twosell/data/admin.twosell.se/public_html/script/stat_daily_v3.php on line 245
PHP Notice:  Undefined index: store in /home/twosell/data/admin.twosell.se/public_html/script/stat_daily_v3.php on line 244
PHP Notice:  Undefined index: seller_id in /home/twosell/data/admin.twosell.se/public_html/script/stat_daily_v3.php on line 245
PHP Notice:  Undefined index: store in /home/twosell/data/admin.twosell.se/public_html/script/stat_daily_v3.php on line 244
PHP Notice:  Undefined index: seller_id in /home/twosell/data/admin.twosell.se/public_html/script/stat_daily_v3.php on line 245
PHP Notice:  Undefined index: store in /home/twosell/data/admin.twosell.se/public_html/script/stat_daily_v3.php on line 244
PHP Notice:  Undefined index: seller_id in /home/twosell/data/admin.twosell.se/public_html/script/stat_daily_v3.php on line 245
PHP Notice:  Undefined index: store in /home/twosell/data/admin.twosell.se/public_html/script/stat_daily_v3.php on line 244
PHP Notice:  Undefined index: seller_id in /home/twosell/data/admin.twosell.se/public_html/script/stat_daily_v3.php on line 245
PHP Notice:  Undefined index: store in /home/twosell/data/admin.twosell.se/public_html/script/stat_daily_v3.php on line 244
PHP Notice:  Undefined index: seller_id in /home/twosell/data/admin.twosell.se/public_html/script/stat_daily_v3.php on line 245
PHP Notice:  Undefined index: store in /home/twosell/data/admin.twosell.se/public_html/script/stat_daily_v3.php on line 244
PHP Notice:  Undefined index: seller_id in /home/twosell/data/admin.twosell.se/public_html/script/stat_daily_v3.php on line 245
PHP Notice:  Undefined index: store in /home/twosell/data/admin.twosell.se/public_html/script/stat_daily_v3.php on line 244
PHP Notice:  Undefined index: seller_id in /home/twosell/data/admin.twosell.se/public_html/script/stat_daily_v3.php on line 245
PHP Notice:  Undefined index: store in /home/twosell/data/admin.twosell.se/public_html/script/stat_daily_v3.php on line 244
PHP Notice:  Undefined index: seller_id in /home/twosell/data/admin.twosell.se/public_html/script/stat_daily_v3.php on line 245
PHP Notice:  Undefined index: store in /home/twosell/data/admin.twosell.se/public_html/script/stat_daily_v3.php on line 244
PHP Notice:  Undefined index: seller_id in /home/twosell/data/admin.twosell.se/public_html/script/stat_daily_v3.php on line 245
PHP Notice:  Undefined index: store in /home/twosell/data/admin.twosell.se/public_html/script/stat_daily_v3.php on line 244
PHP Notice:  Undefined index: seller_id in /home/twosell/data/admin.twosell.se/public_html/script/stat_daily_v3.php on line 245
PHP Notice:  Undefined index: store in /home/twosell/data/admin.twosell.se/public_html/script/stat_daily_v3.php on line 244
PHP Notice:  Undefined index: seller_id in /home/twosell/data/admin.twosell.se/public_html/script/stat_daily_v3.php on line 245
PHP Notice:  Undefined index: store in /home/twosell/data/admin.twosell.se/public_html/script/stat_daily_v3.php on line 244
PHP Notice:  Undefined index: seller_id in /home/twosell/data/admin.twosell.se/public_html/script/stat_daily_v3.php on line 245
Duplicate entry '11-21209-2012-09-26' for key 'c_id'		Start: 2012-10-31, End :2012-10-31, date Diff: 2<br />SELECT COUNT( p.id ) AS count_receipt, store AS store_id, seller_id AS cashier_id, sum(total_cost_ban) AS total_cost
                FROM twosell_purchase_last AS p
                WHERE DATE( p.time_of_purchase ) =  '2012-10-31'
                GROUP BY store,seller_id
                ORDER BY storeSELECT COUNT( p.id ) AS count_receipt, store AS store_id, seller_id AS cashier_id, sum(direct_gross_incl_vat) AS twosell_cost
                FROM twosell_purchase_last AS p
                WHERE DATE( p.time_of_purchase ) = '2012-10-31'
                AND p.direct_gross_incl_vat > 0
                GROUP BY store,seller_id
                ORDER BY storeDuplicate entry '7-22745-2012-10-31' for key 'c_id'